https://www.excelsior.com.mx/global/corea-norte-condena-israel-iran-ataques/1722375
https://www.elespanol.com/opinion/tribunas/20250619/iran-cometido-error-fatal-calculo/1003743810768_12.html
https://www.milenio.com/deportes/mas-aficion/gallito-flores-apunta-a-ser-rey-de-monterrey-en-mma-mexico
https://aristeguinoticias.com/190625/mexico/sheinbaum-emite-mensaje-ante-huracan-erick-categoria-3-pide-mantener-la-calma/
https://www.abc.es/gastronomia/50-best-turin-etxebarri-diverxo-maido-mejor-restaurante-mundo-20250619184906-nt.html
https://www.mundodeportivo.com/futbol/athletic-bilbao/20250619/1002485863/nico-williams-disfruta-vacaciones-fuera-casa.html
https://www.excelsior.com.mx/opinion/yuriria-sierra/libertad/1722437
https://aristeguinoticias.com/190625/mexico/huracan-erick-se-intensifica-a-categoria-4-es-considerado-extremadamente-peligroso/
https://www.mundodeportivo.com/futbol/premier-league/20250619/1002485973/youtuber-engana-grealish-le-pague-factura-video-han-visto-2-3-millones.html
https://www.marca.com/futbol/sevilla/2025/06/19/januzaj-vez-vuelta.html
https://www.eleconomista.es/economia/noticias/13423658/06/25/los-espanoles-son-mas-ricos-que-estadounidenses-o-suecos-y-la-explicacion-esta-en-una-polemica-inversion.html
https://www.nacion.com/el-mundo/septimo-dia-de-conflicto-netanyahu-amenaza-a/OIM42OJMQBBUDNFEDKMHVHEEOI/story/
https://www.eldiario.es/vertele/noticias/la-conexion-rtve-fecha-estreno-horario-lara-alvarez-sustituta-chenoa_1_12398858.html
https://actualidad.rt.com/actualidad/554602-kremlin-administracion-trump-tolerar-groseria-ucrania
https://www.elfinanciero.com.mx/opinion/colaborador-invitado/2025/06/19/como-impactan-los-sesgos-cognitivos-en-la-planificacion-de-las-pensiones/
https://www.mundodeportivo.com/futbol/femenino/20250619/1002486230/real-madrid-femenino-primer-fichaje.html
https://www.abc.es/espana/uso-moron-rota-guerra-iran-abre-nueva-20250619184526-nt.html
https://www.elmundo.es/internacional/2025/06/19/68544a5bfdddff3eb38b4593.html
https://www.lanacion.com.ar/sociedad/felipe-vi-entrego-a-la-nacion-el-premio-rey-de-espana-por-el-documental-mama-antula-nid19062025/
https://www.europapress.es/internacional/noticia-lider-hezbola-asegura-milicia-no-permanecera-neutral-agresion-contra-iran-20250619213203.html
https://www.elconfidencial.com/gastronomia/2025-06-19/estos-son-los-mejores-restaurantes-de-2025_4155381/
https://actualidad.rt.com/actualidad/554721-medvedev-riesgo-ataques-intalaciones-nucleares-iran
https://www.expansion.com/empresas/inmobiliario/2025/06/20/6854559ee5fdeafb128b459f.html
https://caras.perfil.com/noticias/realeza/a31-charlene-de-monaco-sorprende-con-un-imponente-look-griego-y-consolida-moda-internacional.phtml
https://peru21.pe/economia/julio-velarde-viajara-francia-y-suiza-para-participar-de-conferencias-sobre-politica-economica/
https://noticiaslatam.lat/20250620/rusia-y-america-latina-avanzan-en-superar-las-trabas-occidentales-en-materia-comercial-1163613955.html
https://www.huffingtonpost.es/global/una-semana-infarto-como-cosas-inedita-crisisan-e-israel.html
https://www.abc.es/espana/comunidad-valenciana/hogueras-alicante-2025-programa-oficial-actos-guia-20250620074110-nt.html
https://www.lamarea.com/2025/06/20/sanchez-otan-no-subira-gasto-defensa-5/
https://www.excelsior.com.mx/opinion/arturo-xicotencatl/quemar-espejismos/1722680
https://www.marketingdirecto.com/creacion/campanas-de-marketing/campana-dove-grand-prix-cannes-lions-autoestima-mujeres-inteligencia-artificial
https://www.marketingdirecto.com/especiales/cannes-lions/act-responsible-campanas-batallan-mundo-mejor-cannes-lions
https://www.lavozdegalicia.es/noticia/vigo/vigo/2025/06/20/once-nuevos-murales-embelleceran-medianeras-edificios-vigo/00031750415939919454661.htm
https://www.europapress.es/cantabria/noticia-pp-vuelve-pedir-constitucional-suspenda-tramitacion-amnistia-pronuncie-europa-20250620133836.html
https://actualidad.rt.com/actualidad/554849-putin-entorno-tasa-pib-rusia
https://andro4all.com/compras/black-friday-o-amazon-prime-day-cuando-hay-mejores-ofertas
https://noticiaslatam.lat/20250620/espana-rehusa-por-carta-disparar-el-gasto-militar-al-gusto-de-trump-claves-de-una-necesidad-falaz-1163627618.html
https://www.nacion.com/economia/union-europea-excluye-firmas-chinas-de/5WQ3OEGCZFACXDWRHKWB4CMKZE/story/
https://www.dw.com/es/mapa-de-los-refugiados-en-el-mundo-qui%C3%A9nes-son-y-d%C3%B3nde-van/a-72988232
https://www.elmundo.es/deportes/balonmano/2025/06/20/68558703e9cf4a163a8b45d1.html
https://www.mundodeportivo.com/futbol/levante/20250620/1002486568/kochorashvili-despide-levante-siempre-sere-granota.html
https://www.marketingdirecto.com/especiales/cannes-lions/espana-pierde-garra-cannes-lions-2025-atrapa-leones
https://www.eldiario.es/madrid/somos/estigma-recursos-trabajadoras-sociales-plan-almeida-unir-servicios-igualdad-violencia-genero_1_12396196.html
https://caras.perfil.com/noticias/celebridades/el-perfume-favorito-de-wanda-nara-cuanto-cuesta-y-que-marca-es.phtml
https://www.excelsior.com.mx/global/putin-ucrania-pertenece-rusia/1722805
https://actualidad.rt.com/actualidad/554938-cbs-occidente-discutir-secreto-lider-iran
https://www.milenio.com/estilo/moda-y-belleza/celebran-dia-internacional-del-yoga-con-aerie
https://www.elperiodico.com/es/economia/20250621/aldaia-ultimo-reducto-europeo-abanico-118893672
https://actualidad.rt.com/actualidad/554836-iran-pedir-protejer-patrimonio-cultural
https://www.mundodeportivo.com/futbol/athletic-bilbao/20250621/1002486972/fichajes-ultimo-athletic-valverde.html
https://www.eldiario.es/blog/el-boletin-del-director/claves-caso-santos-cerdan_132_12403386.html
https://www.mundodeportivo.com/futbol/internacional/20250621/1002487067/ligas-europeas-quejan-ue-calendario-fifa.html
https://www.excelsior.com.mx/nacional/1154-mexicanos-detenidos-en-la-nueva-era-trump-la-sre-advierte-no-se-toleraran-abusos
https://www.europapress.es/epsocial/migracion/noticia-recortes-raciones-alimentos-aumentan-riesgo-explotacion-infantil-hogares-refugiados-informe-20250621113253.html
https://actualidad.rt.com/actualidad/554971-den-paseo-chernobyl-medvedev-ucrania-bomba-sucia
https://www.abc.es/espana/andalucia/42000-opositores-educacion-llenan-hoy-aulas-hacerse-20250621133928-nts.html
https://www.trendencias.com/celebrities/boda-eve-jobs-hija-steve-jobs-invitados-millonarios-lugar-secreto-herencia-que-no-llega
https://www.europapress.es/deportes/motociclismo-00311/noticia-marc-marquez-firma-otro-sabado-perfecto-territorio-bagnaia-20250621154052.html
https://www.mundodeportivo.com/futbol/fc-barcelona/20250621/1002487146/nico-williams-ultima-telenovela-acabar-final-feliz-barca.html
https://www.elconfidencial.com/deportes/motociclismo/2025-06-21/motogp-gran-premio-italia-2025-horario-donde-ver-carrera-tv_4156438/
https://www.marca.com/futbol/barcelona/2025/06/21/marcus-rashford-ojala-pueda-jugar-lamine-yamal.html
https://www.milenio.com/espectaculos/cine/asi-llego-gustavo-santaolalla-a-amores-perros
https://www.expansion.com/inmobiliario/2025/06/21/6856f0c0468aebe05a8b45b4.html
https://www.lanacion.com.ar/deportes/futbol/ver-online-dazn-gratis-todos-los-partidos-de-hoy-del-mundial-de-clubes-en-vivo-nid21062025/
https://actualidad.rt.com/actualidad/555069-iran-rechazar-negociar-capacidades-defensa
